<?xml version="1.0" encoding="UTF-8"?>
<!-- Generated by org.testng.reporters.JUnitReportReporter -->
<testsuite hostname="JOYSTON" failures="0" tests="1" name="Ex.Ts2Test" time="0.011" errors="0" timestamp="2023-11-30T12:42:24 IST" skipped="0">
  <testcase classname="Ex.Ts2Test" name="run2Test" time="0.011"/>
  <system-out/>
</testsuite> <!-- Ex.Ts2Test -->
